<?xml version="1.0" encoding="UTF-8" ?>
<testsuite tests="7" failures="0" name="br.ufes.FibonacciTest" time="0.006" errors="0" skipped="0">
  <properties>
[...]
</properties>
  <testcase classname="br.ufes.FibonacciTest" name="test[0]" time="0.006"/>
  <testcase classname="br.ufes.FibonacciTest" name="test[1]" time="0"/>
  <testcase classname="br.ufes.FibonacciTest" name="test[2]" time="0"/>
  <testcase classname="br.ufes.FibonacciTest" name="test[3]" time="0"/>
  <testcase classname="br.ufes.FibonacciTest" name="test[4]" time="0"/>
  <testcase classname="br.ufes.FibonacciTest" name="test[5]" time="0"/>
  <testcase classname="br.ufes.FibonacciTest" name="test[6]" time="0"/>
</testsuite>