<?xml version="1.0" encoding="UTF-8"?>
<testsuite xmlns:xsi="http://www.w3.org/2001/XMLSchema-instance" xsi:noNamespaceSchemaLocation="https://maven.apache.org/surefire/maven-surefire-plugin/xsd/surefire-test-report.xsd" name="br.ufes.TestesParametrizados" time="0.241" tests="21" errors="3" skipped="0" failures="0">
  <properties>
[...]
</properties>
  <testcase name="monthNames{int, String}[1]" classname="br.ufes.TestesParametrizados" time="0.055"/>
  <testcase name="monthNames{int, String}[2]" classname="br.ufes.TestesParametrizados" time="0"/>
  <testcase name="monthNames{int, String}[3]" classname="br.ufes.TestesParametrizados" time="0.001"/>
  <testcase name="nullArgumentCsv{String, String, LocalDate}[1]" classname="br.ufes.TestesParametrizados" time="0.012"/>
  <testcase name="palindromeReadsSameBackward{String}[1]" classname="br.ufes.TestesParametrizados" time="0.001"/>
  <testcase name="palindromeReadsSameBackward{String}[2]" classname="br.ufes.TestesParametrizados" time="0.001"/>
  <testcase name="palindromeReadsSameBackward{String}[3]" classname="br.ufes.TestesParametrizados" time="0.001"/>
  <testcase name="convertStringToLocalDate{LocalDate}[1]" classname="br.ufes.TestesParametrizados" time="0.001"/>
  <testcase name="convertStringToLocalDate{LocalDate}[2]" classname="br.ufes.TestesParametrizados" time="0.001"/>
  <testcase name="nullEmptyAndBlankStrings{String}[1]" classname="br.ufes.TestesParametrizados" time="0.001"/>
  <testcase name="nullEmptyAndBlankStrings{String}[2]" classname="br.ufes.TestesParametrizados" time="0.001"/>
  <testcase name="nullEmptyAndBlankStrings{String}[3]" classname="br.ufes.TestesParametrizados" time="0.001"/>
  <testcase name="convertWithCustomHexConverter{int, int}[1]" classname="br.ufes.TestesParametrizados" time="0.031">
    <error message="Error converting parameter at index 1: Can only convert to type class java.lang.Integer" type="org.junit.jupiter.api.extension.ParameterResolutionException">org.junit.jupiter.api.extension.ParameterResolutionException: Error converting parameter at index 1: Can only convert to type class java.lang.Integer
Caused by: org.junit.jupiter.params.converter.ArgumentConversionException: Can only convert to type class java.lang.Integer
</error>
  </testcase>
  <testcase name="convertWithCustomHexConverter{int, int}[2]" classname="br.ufes.TestesParametrizados" time="0.002">
    <error message="Error converting parameter at index 1: Can only convert to type class java.lang.Integer" type="org.junit.jupiter.api.extension.ParameterResolutionException">org.junit.jupiter.api.extension.ParameterResolutionException: Error converting parameter at index 1: Can only convert to type class java.lang.Integer
Caused by: org.junit.jupiter.params.converter.ArgumentConversionException: Can only convert to type class java.lang.Integer
</error>
  </testcase>
  <testcase name="convertWithCustomHexConverter{int, int}[3]" classname="br.ufes.TestesParametrizados" time="0.002">
    <error message="Error converting parameter at index 1: Can only convert to type class java.lang.Integer" type="org.junit.jupiter.api.extension.ParameterResolutionException">org.junit.jupiter.api.extension.ParameterResolutionException: Error converting parameter at index 1: Can only convert to type class java.lang.Integer
Caused by: org.junit.jupiter.params.converter.ArgumentConversionException: Can only convert to type class java.lang.Integer
</error>
  </testcase>
  <testcase name="emptyArgument{String, String, LocalDate}[1]" classname="br.ufes.TestesParametrizados" time="0.001"/>
  <testcase name="divisibleByThree{int}[1]" classname="br.ufes.TestesParametrizados" time="0"/>
  <testcase name="divisibleByThree{int}[2]" classname="br.ufes.TestesParametrizados" time="0"/>
  <testcase name="divisibleByThree{int}[3]" classname="br.ufes.TestesParametrizados" time="0.001"/>
  <testcase name="customNullArgument{String, String, LocalDate}[1]" classname="br.ufes.TestesParametrizados" time="0.001"/>
  <testcase name="fallbackStringConversion{Person}[1]" classname="br.ufes.TestesParametrizados" time="0.003"/>
</testsuite>