<?xml version="1.0" encoding="UTF-8"?>
<testsuite xmlns:xsi="http://www.w3.org/2001/XMLSchema-instance" xsi:noNamespaceSchemaLocation="https://maven.apache.org/surefire/maven-surefire-plugin/xsd/surefire-test-report.xsd" name="br.ufes.ValueSourceTeste" time="0.121" tests="12" errors="0" skipped="0" failures="0">
  <properties>
[...]
</properties>
  <testcase name="monthNames{int, String}[1]" classname="br.ufes.ValueSourceTeste" time="0.048"/>
  <testcase name="monthNames{int, String}[2]" classname="br.ufes.ValueSourceTeste" time="0"/>
  <testcase name="monthNames{int, String}[3]" classname="br.ufes.ValueSourceTeste" time="0.001"/>
  <testcase name="palindromeReadsSameBackward{String}[1]" classname="br.ufes.ValueSourceTeste" time="0.001"/>
  <testcase name="palindromeReadsSameBackward{String}[2]" classname="br.ufes.ValueSourceTeste" time="0.001"/>
  <testcase name="palindromeReadsSameBackward{String}[3]" classname="br.ufes.ValueSourceTeste" time="0.001"/>
  <testcase name="nullEmptyAndBlankStrings{String}[1]" classname="br.ufes.ValueSourceTeste" time="0.001"/>
  <testcase name="nullEmptyAndBlankStrings{String}[2]" classname="br.ufes.ValueSourceTeste" time="0.001"/>
  <testcase name="nullEmptyAndBlankStrings{String}[3]" classname="br.ufes.ValueSourceTeste" time="0"/>
  <testcase name="divisibleByThree{int}[1]" classname="br.ufes.ValueSourceTeste" time="0.001"/>
  <testcase name="divisibleByThree{int}[2]" classname="br.ufes.ValueSourceTeste" time="0.001"/>
  <testcase name="divisibleByThree{int}[3]" classname="br.ufes.ValueSourceTeste" time="0"/>
</testsuite>