<?xml version="1.0" encoding="UTF-8"?>
<testsuite xmlns:xsi="http://www.w3.org/2001/XMLSchema-instance" xsi:noNamespaceSchemaLocation="https://maven.apache.org/surefire/maven-surefire-plugin/xsd/surefire-test-report.xsd" name="br.ufes.TestesParametrizados" time="0.241" tests="21" errors="3" skipped="0" failures="0">
  <properties>
    <property name="awt.toolkit" value="sun.awt.X11.XToolkit"/>
    <property name="java.specification.version" value="11"/>
    <property name="sun.cpu.isalist" value=""/>
    <property name="sun.jnu.encoding" value="UTF-8"/>
    <property name="java.class.path" value="/home/ph/git/ufes/GQS_003-TestesParametrizados/ParameterizedTests/target/test-classes:/home/ph/git/ufes/GQS_003-TestesParametrizados/ParameterizedTests/target/classes:/home/ph/.m2/repository/junit/junit/4.13/junit-4.13.jar:/home/ph/.m2/repository/org/hamcrest/hamcrest-core/1.3/hamcrest-core-1.3.jar:/home/ph/.m2/repository/org/junit/jupiter/junit-jupiter-api/5.8.0-M1/junit-jupiter-api-5.8.0-M1.jar:/home/ph/.m2/repository/org/apiguardian/apiguardian-api/1.1.1/apiguardian-api-1.1.1.jar:/home/ph/.m2/repository/org/opentest4j/opentest4j/1.2.0/opentest4j-1.2.0.jar:/home/ph/.m2/repository/org/junit/platform/junit-platform-commons/1.8.0-M1/junit-platform-commons-1.8.0-M1.jar:/home/ph/.m2/repository/org/junit/jupiter/junit-jupiter-params/5.7.0/junit-jupiter-params-5.7.0.jar:/home/ph/.m2/repository/org/apache/commons/commons-lang3/3.12.0/commons-lang3-3.12.0.jar:/home/ph/.m2/repository/org/junit/jupiter/junit-jupiter/5.7.0/junit-jupiter-5.7.0.jar:/home/ph/.m2/repository/org/junit/jupiter/junit-jupiter-engine/5.7.0/junit-jupiter-engine-5.7.0.jar:/home/ph/.m2/repository/org/junit/platform/junit-platform-engine/1.7.0/junit-platform-engine-1.7.0.jar:"/>
    <property name="java.vm.vendor" value="Oracle Corporation"/>
    <property name="sun.arch.data.model" value="64"/>
    <property name="java.vendor.url" value="https://openjdk.java.net/"/>
    <property name="user.timezone" value=""/>
    <property name="java.vm.specification.version" value="11"/>
    <property name="os.name" value="Linux"/>
    <property name="user.country" value="BR"/>
    <property name="sun.java.launcher" value="SUN_STANDARD"/>
    <property name="sun.boot.library.path" value="/usr/lib/jvm/jdk-11.0.10/lib"/>
    <property name="sun.java.command" value="/home/ph/git/ufes/GQS_003-TestesParametrizados/ParameterizedTests/target/surefire/surefirebooter14550785856661583297.jar /home/ph/git/ufes/GQS_003-TestesParametrizados/ParameterizedTests/target/surefire 2021-08-13T08-42-48_725-jvmRun1 surefire7868215169894631824tmp surefire_016132926645886041362tmp"/>
    <property name="jdk.debug" value="release"/>
    <property name="test" value="br.ufes.TestesParametrizados"/>
    <property name="surefire.test.class.path" value="/home/ph/git/ufes/GQS_003-TestesParametrizados/ParameterizedTests/target/test-classes:/home/ph/git/ufes/GQS_003-TestesParametrizados/ParameterizedTests/target/classes:/home/ph/.m2/repository/junit/junit/4.13/junit-4.13.jar:/home/ph/.m2/repository/org/hamcrest/hamcrest-core/1.3/hamcrest-core-1.3.jar:/home/ph/.m2/repository/org/junit/jupiter/junit-jupiter-api/5.8.0-M1/junit-jupiter-api-5.8.0-M1.jar:/home/ph/.m2/repository/org/apiguardian/apiguardian-api/1.1.1/apiguardian-api-1.1.1.jar:/home/ph/.m2/repository/org/opentest4j/opentest4j/1.2.0/opentest4j-1.2.0.jar:/home/ph/.m2/repository/org/junit/platform/junit-platform-commons/1.8.0-M1/junit-platform-commons-1.8.0-M1.jar:/home/ph/.m2/repository/org/junit/jupiter/junit-jupiter-params/5.7.0/junit-jupiter-params-5.7.0.jar:/home/ph/.m2/repository/org/apache/commons/commons-lang3/3.12.0/commons-lang3-3.12.0.jar:/home/ph/.m2/repository/org/junit/jupiter/junit-jupiter/5.7.0/junit-jupiter-5.7.0.jar:/home/ph/.m2/repository/org/junit/jupiter/junit-jupiter-engine/5.7.0/junit-jupiter-engine-5.7.0.jar:/home/ph/.m2/repository/org/junit/platform/junit-platform-engine/1.7.0/junit-platform-engine-1.7.0.jar:"/>
    <property name="sun.cpu.endian" value="little"/>
    <property name="user.home" value="/home/ph"/>
    <property name="user.language" value="pt"/>
    <property name="java.specification.vendor" value="Oracle Corporation"/>
    <property name="java.version.date" value="2021-01-19"/>
    <property name="java.home" value="/usr/lib/jvm/jdk-11.0.10"/>
    <property name="file.separator" value="/"/>
    <property name="basedir" value="/home/ph/git/ufes/GQS_003-TestesParametrizados/ParameterizedTests"/>
    <property name="java.vm.compressedOopsMode" value="32-bit"/>
    <property name="line.separator" value="&#10;"/>
    <property name="java.specification.name" value="Java Platform API Specification"/>
    <property name="java.vm.specification.vendor" value="Oracle Corporation"/>
    <property name="java.awt.graphicsenv" value="sun.awt.X11GraphicsEnvironment"/>
    <property name="surefire.real.class.path" value="/home/ph/git/ufes/GQS_003-TestesParametrizados/ParameterizedTests/target/surefire/surefirebooter14550785856661583297.jar"/>
    <property name="sun.management.compiler" value="HotSpot 64-Bit Tiered Compilers"/>
    <property name="java.runtime.version" value="11.0.10+8-LTS-162"/>
    <property name="user.name" value="ph"/>
    <property name="path.separator" value=":"/>
    <property name="os.version" value="5.11.0-25-generic"/>
    <property name="java.runtime.name" value="Java(TM) SE Runtime Environment"/>
    <property name="file.encoding" value="UTF-8"/>
    <property name="java.vm.name" value="Java HotSpot(TM) 64-Bit Server VM"/>
    <property name="java.vendor.version" value="18.9"/>
    <property name="maven.ext.class.path" value="/usr/local/netbeans-11.1/netbeans/java/maven-nblib/netbeans-eventspy.jar"/>
    <property name="localRepository" value="/home/ph/.m2/repository"/>
    <property name="java.vendor.url.bug" value="https://bugreport.java.com/bugreport/"/>
    <property name="java.io.tmpdir" value="/tmp"/>
    <property name="java.version" value="11.0.10"/>
    <property name="user.dir" value="/home/ph/git/ufes/GQS_003-TestesParametrizados/ParameterizedTests"/>
    <property name="os.arch" value="amd64"/>
    <property name="java.vm.specification.name" value="Java Virtual Machine Specification"/>
    <property name="java.awt.printerjob" value="sun.print.PSPrinterJob"/>
    <property name="sun.os.patch.level" value="unknown"/>
    <property name="java.library.path" value="/usr/java/packages/lib:/usr/lib64:/lib64:/lib:/usr/lib"/>
    <property name="java.vendor" value="Oracle Corporation"/>
    <property name="java.vm.info" value="mixed mode"/>
    <property name="java.vm.version" value="11.0.10+8-LTS-162"/>
    <property name="sun.io.unicode.encoding" value="UnicodeLittle"/>
    <property name="java.class.version" value="55.0"/>
  </properties>
  <testcase name="monthNames{int, String}[1]" classname="br.ufes.TestesParametrizados" time="0.055"/>
  <testcase name="monthNames{int, String}[2]" classname="br.ufes.TestesParametrizados" time="0"/>
  <testcase name="monthNames{int, String}[3]" classname="br.ufes.TestesParametrizados" time="0.001"/>
  <testcase name="nullArgumentCsv{String, String, LocalDate}[1]" classname="br.ufes.TestesParametrizados" time="0.012"/>
  <testcase name="palindromeReadsSameBackward{String}[1]" classname="br.ufes.TestesParametrizados" time="0.001"/>
  <testcase name="palindromeReadsSameBackward{String}[2]" classname="br.ufes.TestesParametrizados" time="0.001"/>
  <testcase name="palindromeReadsSameBackward{String}[3]" classname="br.ufes.TestesParametrizados" time="0.001"/>
  <testcase name="convertStringToLocalDate{LocalDate}[1]" classname="br.ufes.TestesParametrizados" time="0.001"/>
  <testcase name="convertStringToLocalDate{LocalDate}[2]" classname="br.ufes.TestesParametrizados" time="0.001"/>
  <testcase name="nullEmptyAndBlankStrings{String}[1]" classname="br.ufes.TestesParametrizados" time="0.001"/>
  <testcase name="nullEmptyAndBlankStrings{String}[2]" classname="br.ufes.TestesParametrizados" time="0.001"/>
  <testcase name="nullEmptyAndBlankStrings{String}[3]" classname="br.ufes.TestesParametrizados" time="0.001"/>
  <testcase name="convertWithCustomHexConverter{int, int}[1]" classname="br.ufes.TestesParametrizados" time="0.031">
    <error message="Error converting parameter at index 1: Can only convert to type class java.lang.Integer" type="org.junit.jupiter.api.extension.ParameterResolutionException">org.junit.jupiter.api.extension.ParameterResolutionException: Error converting parameter at index 1: Can only convert to type class java.lang.Integer
Caused by: org.junit.jupiter.params.converter.ArgumentConversionException: Can only convert to type class java.lang.Integer
</error>
  </testcase>
  <testcase name="convertWithCustomHexConverter{int, int}[2]" classname="br.ufes.TestesParametrizados" time="0.002">
    <error message="Error converting parameter at index 1: Can only convert to type class java.lang.Integer" type="org.junit.jupiter.api.extension.ParameterResolutionException">org.junit.jupiter.api.extension.ParameterResolutionException: Error converting parameter at index 1: Can only convert to type class java.lang.Integer
Caused by: org.junit.jupiter.params.converter.ArgumentConversionException: Can only convert to type class java.lang.Integer
</error>
  </testcase>
  <testcase name="convertWithCustomHexConverter{int, int}[3]" classname="br.ufes.TestesParametrizados" time="0.002">
    <error message="Error converting parameter at index 1: Can only convert to type class java.lang.Integer" type="org.junit.jupiter.api.extension.ParameterResolutionException">org.junit.jupiter.api.extension.ParameterResolutionException: Error converting parameter at index 1: Can only convert to type class java.lang.Integer
Caused by: org.junit.jupiter.params.converter.ArgumentConversionException: Can only convert to type class java.lang.Integer
</error>
  </testcase>
  <testcase name="emptyArgument{String, String, LocalDate}[1]" classname="br.ufes.TestesParametrizados" time="0.001"/>
  <testcase name="divisibleByThree{int}[1]" classname="br.ufes.TestesParametrizados" time="0"/>
  <testcase name="divisibleByThree{int}[2]" classname="br.ufes.TestesParametrizados" time="0"/>
  <testcase name="divisibleByThree{int}[3]" classname="br.ufes.TestesParametrizados" time="0.001"/>
  <testcase name="customNullArgument{String, String, LocalDate}[1]" classname="br.ufes.TestesParametrizados" time="0.001"/>
  <testcase name="fallbackStringConversion{Person}[1]" classname="br.ufes.TestesParametrizados" time="0.003"/>
</testsuite>